<?xml version="1.0" encoding="UTF-8"?>
<coverage generated="1717642437885" clover="3.2.0">
  <project timestamp="1717642437885" name="All files">
    <metrics statements="9" coveredstatements="9" conditionals="6" coveredconditionals="5" methods="3" coveredmethods="3" elements="18" coveredelements="17" complexity="0" loc="9" ncloc="9" packages="1" files="1" classes="1"/>
    <file name="player-csv-prep.js" path="B:\Dev\src\nhl-trades\src\utils\player-csv-prep.js">
      <metrics statements="9" coveredstatements="9" conditionals="6" coveredconditionals="5" methods="3" coveredmethods="3"/>
      <line num="3" count="1" type="stmt"/>
      <line num="5" count="3" type="stmt"/>
      <line num="9" count="10" type="stmt"/>
      <line num="10" count="38" type="stmt"/>
      <line num="16" count="38" type="cond" truecount="2" falsecount="0"/>
      <line num="20" count="10" type="cond" truecount="2" falsecount="0"/>
      <line num="21" count="2" type="stmt"/>
      <line num="26" count="8" type="stmt"/>
      <line num="32" count="3" type="stmt"/>
    </file>
  </project>
</coverage>
