{"B:\\Dev\\src\\nhl-trades\\src\\utils\\player-csv-prep.js": {"path":"B:\\Dev\\src\\nhl-trades\\src\\utils\\player-csv-prep.js","statementMap":{"0":{"start":{"line":3,"column":29},"end":{"line":32,"column":1}},"1":{"start":{"line":5,"column":26},"end":{"line":29,"column":4}},"2":{"start":{"line":10,"column":25},"end":{"line":16,"column":6}},"3":{"start":{"line":11,"column":25},"end":{"line":13,"column":8}},"4":{"start":{"line":15,"column":6},"end":{"line":15,"column":39}},"5":{"start":{"line":19,"column":4},"end":{"line":28,"column":5}},"6":{"start":{"line":20,"column":6},"end":{"line":22,"column":8}},"7":{"start":{"line":24,"column":6},"end":{"line":27,"column":8}},"8":{"start":{"line":31,"column":2},"end":{"line":31,"column":27}}},"fnMap":{"0":{"name":"(anonymous_0)","decl":{"start":{"line":3,"column":29},"end":{"line":3,"column":30}},"loc":{"start":{"line":3,"column":53},"end":{"line":32,"column":1}},"line":3},"1":{"name":"(anonymous_1)","decl":{"start":{"line":5,"column":38},"end":{"line":5,"column":39}},"loc":{"start":{"line":5,"column":50},"end":{"line":29,"column":3}},"line":5},"2":{"name":"(anonymous_2)","decl":{"start":{"line":10,"column":42},"end":{"line":10,"column":43}},"loc":{"start":{"line":10,"column":56},"end":{"line":16,"column":5}},"line":10}},"branchMap":{"0":{"loc":{"start":{"line":15,"column":13},"end":{"line":15,"column":38}},"type":"cond-expr","locations":[{"start":{"line":15,"column":26},"end":{"line":15,"column":31}},{"start":{"line":15,"column":34},"end":{"line":15,"column":38}}],"line":15},"1":{"loc":{"start":{"line":19,"column":4},"end":{"line":28,"column":5}},"type":"if","locations":[{"start":{"line":19,"column":4},"end":{"line":28,"column":5}},{"start":{"line":23,"column":11},"end":{"line":28,"column":5}}],"line":19},"2":{"loc":{"start":{"line":26,"column":12},"end":{"line":26,"column":67}},"type":"cond-expr","locations":[{"start":{"line":26,"column":30},"end":{"line":26,"column":60}},{"start":{"line":26,"column":63},"end":{"line":26,"column":67}}],"line":26}},"s":{"0":1,"1":3,"2":10,"3":38,"4":38,"5":10,"6":2,"7":8,"8":3},"f":{"0":3,"1":10,"2":38},"b":{"0":[26,12],"1":[2,8],"2":[8,0]},"_coverageSchema":"1a1c01bbd47fc00a2c39e90264f33305004495a9","hash":"4394bef6f91a077263a857c96d5e2c11249ccb93"}
}
