{"B:\\Dev\\src\\nhl-trades\\src\\utils\\player-csv-prep.js": {"path":"B:\\Dev\\src\\nhl-trades\\src\\utils\\player-csv-prep.js","statementMap":{"0":{"start":{"line":3,"column":29},"end":{"line":33,"column":1}},"1":{"start":{"line":5,"column":26},"end":{"line":30,"column":4}},"2":{"start":{"line":9,"column":25},"end":{"line":17,"column":6}},"3":{"start":{"line":10,"column":16},"end":{"line":14,"column":7}},"4":{"start":{"line":16,"column":6},"end":{"line":16,"column":30}},"5":{"start":{"line":20,"column":4},"end":{"line":24,"column":5}},"6":{"start":{"line":21,"column":6},"end":{"line":23,"column":8}},"7":{"start":{"line":26,"column":4},"end":{"line":29,"column":6}},"8":{"start":{"line":32,"column":2},"end":{"line":32,"column":27}}},"fnMap":{"0":{"name":"(anonymous_0)","decl":{"start":{"line":3,"column":29},"end":{"line":3,"column":30}},"loc":{"start":{"line":3,"column":53},"end":{"line":33,"column":1}},"line":3},"1":{"name":"(anonymous_1)","decl":{"start":{"line":5,"column":38},"end":{"line":5,"column":39}},"loc":{"start":{"line":5,"column":50},"end":{"line":30,"column":3}},"line":5},"2":{"name":"(anonymous_2)","decl":{"start":{"line":9,"column":42},"end":{"line":9,"column":43}},"loc":{"start":{"line":9,"column":56},"end":{"line":17,"column":5}},"line":9}},"branchMap":{"0":{"loc":{"start":{"line":16,"column":13},"end":{"line":16,"column":29}},"type":"cond-expr","locations":[{"start":{"line":16,"column":17},"end":{"line":16,"column":22}},{"start":{"line":16,"column":25},"end":{"line":16,"column":29}}],"line":16},"1":{"loc":{"start":{"line":20,"column":4},"end":{"line":24,"column":5}},"type":"if","locations":[{"start":{"line":20,"column":4},"end":{"line":24,"column":5}},{"start":{},"end":{}}],"line":20},"2":{"loc":{"start":{"line":28,"column":10},"end":{"line":28,"column":65}},"type":"cond-expr","locations":[{"start":{"line":28,"column":28},"end":{"line":28,"column":58}},{"start":{"line":28,"column":61},"end":{"line":28,"column":65}}],"line":28}},"s":{"0":1,"1":3,"2":10,"3":38,"4":38,"5":10,"6":2,"7":8,"8":3},"f":{"0":3,"1":10,"2":38},"b":{"0":[26,12],"1":[2,8],"2":[8,0]},"_coverageSchema":"1a1c01bbd47fc00a2c39e90264f33305004495a9","hash":"3b89727e79b83a3d8da7cb07885b06668c54daba"}
}
