TN:
SF:src/config/testServer.js
FN:7,(anonymous_0)
FN:12,(anonymous_1)
FN:17,(anonymous_2)
FN:28,(anonymous_3)
FN:29,(anonymous_4)
FN:30,(anonymous_5)
FNF:6
FNH:5
FNDA:1,(anonymous_0)
FNDA:1,(anonymous_1)
FNDA:0,(anonymous_2)
FNDA:1,(anonymous_3)
FNDA:1,(anonymous_4)
FNDA:8,(anonymous_5)
DA:4,1
DA:6,1
DA:8,1
DA:13,1
DA:14,1
DA:18,0
DA:19,0
DA:28,1
DA:29,1
DA:30,8
LF:10
LH:8
BRF:0
BRH:0
end_of_record
TN:
SF:src/utils/utils.js
FN:5,(anonymous_0)
FN:10,(anonymous_1)
FN:11,(anonymous_2)
FN:26,(anonymous_3)
FN:39,(anonymous_4)
FN:49,convert
FNF:6
FNH:6
FNDA:9,(anonymous_0)
FNDA:2,(anonymous_1)
FNDA:6,(anonymous_2)
FNDA:1,(anonymous_3)
FNDA:8,(anonymous_4)
FNDA:2,convert
DA:1,2
DA:5,2
DA:6,9
DA:10,2
DA:11,2
DA:12,6
DA:13,2
DA:17,2
DA:19,1
DA:21,1
DA:26,2
DA:27,1
DA:28,1
DA:29,1
DA:30,0
DA:32,1
DA:33,1
DA:35,0
DA:39,2
DA:40,8
DA:41,8
DA:43,8
DA:45,0
DA:50,2
DA:53,2
DA:54,1
DA:56,1
DA:57,1
LF:28
LH:25
BRDA:6,0,0,9
BRDA:6,0,1,8
BRDA:12,1,0,2
BRDA:12,1,1,4
BRDA:17,2,0,1
BRDA:17,2,1,1
BRDA:29,3,0,0
BRDA:29,3,1,1
BRDA:53,4,0,1
BRDA:53,4,1,1
BRF:10
BRH:9
end_of_record
