TN:
SF:src\utils\hockey-db-id-scraper.js
FN:8,(anonymous_0)
FN:25,(anonymous_1)
FN:29,(anonymous_2)
FN:95,(anonymous_3)
FN:98,(anonymous_4)
FNF:5
FNH:4
FNDA:0,(anonymous_0)
FNDA:27,(anonymous_1)
FNDA:8570,(anonymous_2)
FNDA:1,(anonymous_3)
FNDA:26,(anonymous_4)
DA:3,1
DA:4,1
DA:5,1
DA:8,1
DA:9,0
DA:11,0
DA:12,0
DA:13,0
DA:16,0
DA:22,0
DA:25,1
DA:26,27
DA:27,27
DA:30,8570
DA:38,27
DA:41,1
DA:95,1
DA:96,1
DA:98,1
DA:99,26
DA:100,26
DA:101,26
DA:103,26
DA:108,1
LF:24
LH:18
BRF:0
BRH:0
end_of_record
TN:
SF:src\utils\utils.js
FN:6,(anonymous_0)
FN:11,(anonymous_1)
FN:12,(anonymous_2)
FN:27,(anonymous_3)
FN:41,(anonymous_4)
FN:52,(anonymous_5)
FN:60,convert
FNF:7
FNH:2
FNDA:0,(anonymous_0)
FNDA:0,(anonymous_1)
FNDA:0,(anonymous_2)
FNDA:0,(anonymous_3)
FNDA:27,(anonymous_4)
FNDA:1,(anonymous_5)
FNDA:0,convert
DA:1,1
DA:6,1
DA:7,0
DA:11,1
DA:12,0
DA:13,0
DA:14,0
DA:18,0
DA:20,0
DA:22,0
DA:27,1
DA:28,0
DA:29,0
DA:30,0
DA:31,0
DA:33,0
DA:34,0
DA:36,0
DA:41,1
DA:42,27
DA:43,27
DA:45,27
DA:47,0
DA:52,1
DA:53,1
DA:54,1
DA:56,0
DA:61,0
DA:64,0
DA:65,0
DA:67,0
DA:68,0
LF:32
LH:11
BRDA:7,0,0,0
BRDA:7,0,1,0
BRDA:13,1,0,0
BRDA:13,1,1,0
BRDA:18,2,0,0
BRDA:18,2,1,0
BRDA:30,3,0,0
BRDA:30,3,1,0
BRDA:64,4,0,0
BRDA:64,4,1,0
BRF:10
BRH:0
end_of_record
